<?xml version="1.0" encoding="UTF-8"?>
<robot generator="Robot 3.1.2 (Python 3.6.6 on win32)" generated="20200405 20:30:09.310" rpa="false">
<suite id="s1" name="Login" source="G:\Arpitha_Testing\PyTest\tests\login.robot">
<test id="s1-t1" name="tc1">
<kw name="Create Webdriver" library="SeleniumLibrary">
<doc>Creates an instance of Selenium WebDriver.</doc>
<arguments>
<arg>Chrome</arg>
<arg>executable_path=driver/chromedriver.exe</arg>
</arguments>
<msg timestamp="20200405 20:30:10.232" level="INFO">Creating an instance of the Chrome WebDriver.</msg>
<kw name="Capture Page Screenshot" library="SeleniumLibrary">
<doc>Takes a screenshot of the current page and embeds it into a log file.</doc>
<msg timestamp="20200405 20:30:33.347" level="INFO">Cannot capture screenshot because no browser is open.</msg>
<status status="PASS" starttime="20200405 20:30:33.347" endtime="20200405 20:30:33.347"></status>
</kw>
<msg timestamp="20200405 20:30:33.785" level="FAIL">WebDriverException: Message: unknown error: Chrome failed to start: exited normally.
  (chrome not reachable)
  (The process started from chrome location C:\Program Files (x86)\Google\Chrome\Application\chrome.exe is no longer running, so ChromeDriver is assuming that Chrome has crashed.)
</msg>
<status status="FAIL" starttime="20200405 20:30:10.232" endtime="20200405 20:30:33.801"></status>
</kw>
<status status="FAIL" starttime="20200405 20:30:10.232" endtime="20200405 20:30:33.801" critical="yes">WebDriverException: Message: unknown error: Chrome failed to start: exited normally.
  (chrome not reachable)
  (The process started from chrome location C:\Program Files (x86)\Google\Chrome\Application\chrome.exe is no longer running, so ChromeDriver is assuming that Chrome has crashed.)
</status>
</test>
<status status="FAIL" starttime="20200405 20:30:09.310" endtime="20200405 20:30:33.973"></status>
</suite>
<statistics>
<total>
<stat pass="0" fail="1">Critical Tests</stat>
<stat pass="0" fail="1">All Tests</stat>
</total>
<tag>
</tag>
<suite>
<stat pass="0" fail="1" id="s1" name="Login">Login</stat>
</suite>
</statistics>
<errors>
</errors>
</robot>
